\BOOKMARK [0][-]{Doc-Start}{\376\377\000H\000A\000L\000A\000M\000A\000N\000\040\000J\000U\000D\000U\000L}{}% 1
\BOOKMARK [0][-]{Doc-Start}{\376\377\000L\000E\000M\000B\000A\000R\000\040\000P\000E\000N\000G\000E\000S\000A\000H\000A\000N}{}% 2
\BOOKMARK [0][-]{Doc-Start}{\376\377\000A\000B\000S\000T\000R\000A\000K}{}% 3
\BOOKMARK [0][-]{Doc-Start}{\376\377\000A\000B\000S\000T\000R\000A\000C\000T}{}% 4
\BOOKMARK [0][-]{Doc-Start}{\376\377\000K\000A\000T\000A\000\040\000P\000E\000N\000G\000A\000N\000T\000A\000R}{}% 5
\BOOKMARK [0][-]{Item.4}{\376\377\000D\000A\000F\000T\000A\000R\000\040\000I\000S\000I}{}% 6
\BOOKMARK [0][-]{Item.4}{\376\377\000D\000A\000F\000T\000A\000R\000\040\000G\000A\000M\000B\000A\000R}{}% 7
\BOOKMARK [0][-]{Item.4}{\376\377\000D\000A\000F\000T\000A\000R\000\040\000T\000A\000B\000E\000L}{}% 8
\BOOKMARK [0][-]{Item.4}{\376\377\000D\000A\000F\000T\000A\000R\000\040\000N\000O\000T\000A\000S\000I}{}% 9
\BOOKMARK [0][-]{chapter.1}{\376\377\000P\000E\000N\000D\000A\000H\000U\000L\000U\000A\000N}{}% 10
\BOOKMARK [1][-]{section.1.1}{\376\377\000L\000a\000t\000a\000r\000\040\000B\000e\000l\000a\000k\000a\000n\000g}{chapter.1}% 11
\BOOKMARK [1][-]{section.1.2}{\376\377\000R\000u\000m\000u\000s\000a\000n\000\040\000M\000a\000s\000a\000l\000a\000h}{chapter.1}% 12
\BOOKMARK [1][-]{section.1.3}{\376\377\000B\000a\000t\000a\000s\000a\000n\000\040\000M\000a\000s\000a\000l\000a\000h}{chapter.1}% 13
\BOOKMARK [1][-]{section.1.4}{\376\377\000T\000u\000j\000u\000a\000n\000\040\000P\000e\000n\000e\000l\000i\000t\000i\000a\000n}{chapter.1}% 14
\BOOKMARK [1][-]{section.1.5}{\376\377\000M\000a\000n\000f\000a\000a\000t\000\040\000P\000e\000n\000e\000l\000i\000t\000i\000a\000n}{chapter.1}% 15
\BOOKMARK [0][-]{chapter.2}{\376\377\000K\000A\000J\000I\000A\000N\000\040\000P\000U\000S\000T\000A\000K\000A\000\040\000D\000A\000N\000\040\000D\000A\000S\000A\000R\000\040\000T\000E\000O\000R\000I}{}% 16
\BOOKMARK [1][-]{section.2.1}{\376\377\000P\000e\000n\000e\000l\000i\000t\000i\000a\000n\000\040\000T\000e\000r\000d\000a\000h\000u\000l\000u}{chapter.2}% 17
\BOOKMARK [1][-]{section.2.2}{\376\377\000R\000u\000a\000n\000g\000\040\000M\000e\000t\000r\000i\000k\000\040\000G\000e\000o\000d\000e\000s\000i\000k}{chapter.2}% 18
\BOOKMARK [1][-]{section.2.3}{\376\377\000R\000u\000a\000n\000g\000\040\000C\000A\000T\000p\000\050\0000\000\051}{chapter.2}% 19
\BOOKMARK [1][-]{section.2.4}{\376\377\000P\000e\000m\000e\000t\000a\000a\000n\000\040\000N\000o\000n\000e\000k\000s\000p\000a\000n\000s\000i\000f}{chapter.2}% 20
\BOOKMARK [1][-]{section.2.5}{\376\377\000A\000p\000r\000o\000k\000s\000i\000m\000a\000s\000i\000\040\000T\000i\000t\000i\000k\000\040\000T\000e\000t\000a\000p\000\040\000d\000a\000r\000i\000\040\000P\000e\000m\000e\000t\000a\000a\000n\000\040\000N\000o\000n\000e\000k\000s\000p\000a\000n\000s\000i\000f}{chapter.2}% 21
\BOOKMARK [0][-]{chapter.3}{\376\377\000M\000E\000T\000O\000D\000E\000\040\000P\000E\000N\000E\000L\000I\000T\000I\000A\000N}{}% 22
\BOOKMARK [1][-]{section.3.1}{\376\377\000T\000a\000h\000a\000p\000a\000n\000\040\000P\000e\000n\000e\000l\000i\000t\000i\000a\000n}{chapter.3}% 23
\BOOKMARK [1][-]{section.3.2}{\376\377\000D\000i\000a\000g\000r\000a\000m\000\040\000A\000l\000i\000r\000\040\000P\000e\000n\000e\000l\000i\000t\000i\000a\000n}{chapter.3}% 24
\BOOKMARK [0][-]{chapter.4}{\376\377\000H\000A\000S\000I\000L\000\040\000D\000A\000N\000\040\000P\000E\000M\000B\000A\000H\000A\000S\000A\000N}{}% 25
\BOOKMARK [1][-]{section.4.1}{\376\377\000P\000e\000m\000e\000t\000a\000a\000n\000\040\000\050\000,\000,\000\051\000-\000n\000o\000n\000e\000k\000s\000p\000a\000n\000s\000i\000f\000\040\000d\000i\000\040\000R\000u\000a\000n\000g\000\040\000C\000A\000T\000p\000\050\0000\000\051}{chapter.4}% 26
\BOOKMARK [1][-]{section.4.2}{\376\377\000K\000o\000n\000v\000e\000r\000g\000e\000n\000s\000i\000\040\000S\000k\000e\000m\000a\000\040\000I\000t\000e\000r\000a\000s\000i\000\040\000S\000a\000b\000r\000i\000\040\000u\000n\000t\000u\000k\000\040\000P\000e\000m\000e\000t\000a\000a\000n\000\040\000\050\000,\000,\000\051\000-\000n\000o\000n\000e\000k\000s\000p\000a\000n\000s\000i\000f}{chapter.4}% 27
\BOOKMARK [1][-]{section.4.3}{\376\377\000P\000e\000r\000c\000o\000b\000a\000a\000n\000\040\000N\000u\000m\000e\000r\000i\000k}{chapter.4}% 28
\BOOKMARK [1][-]{section.4.4}{\376\377\000A\000p\000l\000i\000k\000a\000s\000i\000\040\000p\000a\000d\000a\000\040\000M\000a\000s\000a\000l\000a\000h\000\040\000O\000p\000t\000i\000m\000a\000s\000i}{chapter.4}% 29
\BOOKMARK [2][-]{subsection.4.4.1}{\376\377\000M\000a\000s\000a\000l\000a\000h\000\040\000M\000i\000n\000i\000m\000a\000l\000i\000s\000a\000s\000i}{section.4.4}% 30
\BOOKMARK [2][-]{subsection.4.4.2}{\376\377\000R\000e\000k\000o\000n\000s\000t\000r\000u\000k\000s\000i\000\040\000C\000i\000t\000r\000a}{section.4.4}% 31
\BOOKMARK [0][-]{chapter.5}{\376\377\000K\000E\000S\000I\000M\000P\000U\000L\000A\000N\000\040\000D\000A\000N\000\040\000S\000A\000R\000A\000N}{}% 32
\BOOKMARK [1][-]{section.5.1}{\376\377\000K\000e\000s\000i\000m\000p\000u\000l\000a\000n}{chapter.5}% 33
\BOOKMARK [1][-]{section.5.2}{\376\377\000S\000a\000r\000a\000n}{chapter.5}% 34
\BOOKMARK [0][-]{Item.41}{\376\377\000D\000A\000F\000T\000A\000R\000\040\000P\000U\000S\000T\000A\000K\000A}{}% 35
\BOOKMARK [0][-]{Item.41}{\376\377\000L\000A\000M\000P\000I\000R\000A\000N}{}% 36
\BOOKMARK [0][-]{lstnumber.1.3.153}{\376\377\000B\000I\000O\000D\000A\000T\000A\000\040\000P\000E\000N\000U\000L\000I\000S}{}% 37
